[07:34:49.527156 WARN] No valid weather file defined in either the osm or osw.
[07:34:50.094579 WARN] weather_file.path is .
[07:34:55.813803 WARN] Could not find color for 90.1-2004 Office WholeBuilding - Md Office
[07:34:55.814586 WARN] Could not find color for 90.1-2004 FullServiceRestaurant Dining
[07:34:55.815153 WARN] Could not find color for 90.1-2004 FullServiceRestaurant Kitchen
[07:34:55.817764 WARN] User-defined single floor area was used for calculation of total building floor area
[07:34:59.713847 WARN] [openstudio.standards.Model] Find object search criteria returned 5 results, the first one will be returned. Called from /Users/tkwasnik/github/urbanopt-example-geojson-reopt-project/.bundle/install/ruby/2.2.0/gems/openstudio-standards-0.2.10/lib/openstudio-standards/standards/Standards.Model.rb:2431:in `model_find_and_add_construction'. 
 Search criteria: 
 {"template"=>"90.1-2004", "climate_zone_set"=>"ClimateZone 6", "intended_surface_type"=>"ExteriorWindow", "standards_construction_type"=>"Metal framing (all other)", "building_category"=>"Nonresidential"}, capacity =  
  All results: 
 {"template"=>"90.1-2004", "climate_zone_set"=>"ClimateZone 6", "operation_type"=>nil, "intended_surface_type"=>"ExteriorWindow", "standards_construction_type"=>"Metal framing (all other)", "building_category"=>"Nonresidential", "construction"=>"U 0.57 SHGC 0.49 Dbl Blue 6mm/6mm Air", "orientation"=>nil, "minimum_percent_of_surface"=>1.0, "maximum_percent_of_surface"=>10.0, "assembly_maximum_u_value"=>0.57, "u_value_includes_interior_film_coefficient"=>true, "u_value_includes_exterior_film_coefficient"=>true, "assembly_maximum_f_factor"=>nil, "assembly_maximum_c_factor"=>nil, "assembly_maximum_solar_heat_gain_coefficient"=>0.49, "assembly_minimum_vt_shgc"=>nil, "notes"=>nil}
{"template"=>"90.1-2004", "climate_zone_set"=>"ClimateZone 6", "operation_type"=>nil, "intended_surface_type"=>"ExteriorWindow", "standards_construction_type"=>"Metal framing (all other)", "building_category"=>"Nonresidential", "construction"=>"U 0.57 SHGC 0.39 Dbl Ref-D Clr 6mm/6mm Air", "orientation"=>nil, "minimum_percent_of_surface"=>10.001, "maximum_percent_of_surface"=>20.0, "assembly_maximum_u_value"=>0.57, "u_value_includes_interior_film_coefficient"=>true, "u_value_includes_exterior_film_coefficient"=>true, "assembly_maximum_f_factor"=>nil, "assembly_maximum_c_factor"=>nil, "assembly_maximum_solar_heat_gain_coefficient"=>0.39, "assembly_minimum_vt_shgc"=>nil, "notes"=>nil}
{"template"=>"90.1-2004", "climate_zone_set"=>"ClimateZone 6", "operation_type"=>nil, "intended_surface_type"=>"ExteriorWindow", "standards_construction_type"=>"Metal framing (all other)", "building_category"=>"Nonresidential", "construction"=>"U 0.57 SHGC 0.39 Dbl Ref-D Clr 6mm/6mm Air", "orientation"=>nil, "minimum_percent_of_surface"=>20.001, "maximum_percent_of_surface"=>30.0, "assembly_maximum_u_value"=>0.57, "u_value_includes_interior_film_coefficient"=>true, "u_value_includes_exterior_film_coefficient"=>true, "assembly_maximum_f_factor"=>nil, "assembly_maximum_c_factor"=>nil, "assembly_maximum_solar_heat_gain_coefficient"=>0.39, "assembly_minimum_vt_shgc"=>nil, "notes"=>nil}
{"template"=>"90.1-2004", "climate_zone_set"=>"ClimateZone 6", "operation_type"=>nil, "intended_surface_type"=>"ExteriorWindow", "standards_construction_type"=>"Metal framing (all other)", "building_category"=>"Nonresidential", "construction"=>"U 0.57 SHGC 0.39 Dbl Ref-D Clr 6mm/6mm Air", "orientation"=>nil, "minimum_percent_of_surface"=>30.001, "maximum_percent_of_surface"=>40.0, "assembly_maximum_u_value"=>0.57, "u_value_includes_interior_film_coefficient"=>true, "u_value_includes_exterior_film_coefficient"=>true, "assembly_maximum_f_factor"=>nil, "assembly_maximum_c_factor"=>nil, "assembly_maximum_solar_heat_gain_coefficient"=>0.39, "assembly_minimum_vt_shgc"=>nil, "notes"=>nil}
{"template"=>"90.1-2004", "climate_zone_set"=>"ClimateZone 6", "operation_type"=>nil, "intended_surface_type"=>"ExteriorWindow", "standards_construction_type"=>"Metal framing (all other)", "building_category"=>"Nonresidential", "construction"=>"U 0.44 SHGC 0.20 Dbl Ref-B-H Tint 6mm/13mm Air", "orientation"=>nil, "minimum_percent_of_surface"=>40.001, "maximum_percent_of_surface"=>100.0, "assembly_maximum_u_value"=>0.46, "u_value_includes_interior_film_coefficient"=>true, "u_value_includes_exterior_film_coefficient"=>true, "assembly_maximum_f_factor"=>nil, "assembly_maximum_c_factor"=>nil, "assembly_maximum_solar_heat_gain_coefficient"=>0.26, "assembly_minimum_vt_shgc"=>nil, "notes"=>nil}
[07:34:59.713933 WARN] [openstudio.standards.ConstructionBase] Can only set the u-value of opaque constructions or simple glazing. U 0.57 SHGC 0.49 Dbl Blue 6mm/6mm Air is not opaque or simple glazing.
[07:34:59.713981 WARN] [openstudio.standards.Model] Find object search criteria returned 5 results, the first one will be returned. Called from /Users/tkwasnik/github/urbanopt-example-geojson-reopt-project/.bundle/install/ruby/2.2.0/gems/openstudio-standards-0.2.10/lib/openstudio-standards/standards/Standards.Model.rb:2431:in `model_find_and_add_construction'. 
 Search criteria: 
 {"template"=>"90.1-2004", "climate_zone_set"=>"ClimateZone 6", "intended_surface_type"=>"ExteriorWindow", "standards_construction_type"=>"Metal framing (all other)", "building_category"=>"Nonresidential"}, capacity =  
  All results: 
 {"template"=>"90.1-2004", "climate_zone_set"=>"ClimateZone 6", "operation_type"=>nil, "intended_surface_type"=>"ExteriorWindow", "standards_construction_type"=>"Metal framing (all other)", "building_category"=>"Nonresidential", "construction"=>"U 0.57 SHGC 0.49 Dbl Blue 6mm/6mm Air", "orientation"=>nil, "minimum_percent_of_surface"=>1.0, "maximum_percent_of_surface"=>10.0, "assembly_maximum_u_value"=>0.57, "u_value_includes_interior_film_coefficient"=>true, "u_value_includes_exterior_film_coefficient"=>true, "assembly_maximum_f_factor"=>nil, "assembly_maximum_c_factor"=>nil, "assembly_maximum_solar_heat_gain_coefficient"=>0.49, "assembly_minimum_vt_shgc"=>nil, "notes"=>nil}
{"template"=>"90.1-2004", "climate_zone_set"=>"ClimateZone 6", "operation_type"=>nil, "intended_surface_type"=>"ExteriorWindow", "standards_construction_type"=>"Metal framing (all other)", "building_category"=>"Nonresidential", "construction"=>"U 0.57 SHGC 0.39 Dbl Ref-D Clr 6mm/6mm Air", "orientation"=>nil, "minimum_percent_of_surface"=>10.001, "maximum_percent_of_surface"=>20.0, "assembly_maximum_u_value"=>0.57, "u_value_includes_interior_film_coefficient"=>true, "u_value_includes_exterior_film_coefficient"=>true, "assembly_maximum_f_factor"=>nil, "assembly_maximum_c_factor"=>nil, "assembly_maximum_solar_heat_gain_coefficient"=>0.39, "assembly_minimum_vt_shgc"=>nil, "notes"=>nil}
{"template"=>"90.1-2004", "climate_zone_set"=>"ClimateZone 6", "operation_type"=>nil, "intended_surface_type"=>"ExteriorWindow", "standards_construction_type"=>"Metal framing (all other)", "building_category"=>"Nonresidential", "construction"=>"U 0.57 SHGC 0.39 Dbl Ref-D Clr 6mm/6mm Air", "orientation"=>nil, "minimum_percent_of_surface"=>20.001, "maximum_percent_of_surface"=>30.0, "assembly_maximum_u_value"=>0.57, "u_value_includes_interior_film_coefficient"=>true, "u_value_includes_exterior_film_coefficient"=>true, "assembly_maximum_f_factor"=>nil, "assembly_maximum_c_factor"=>nil, "assembly_maximum_solar_heat_gain_coefficient"=>0.39, "assembly_minimum_vt_shgc"=>nil, "notes"=>nil}
{"template"=>"90.1-2004", "climate_zone_set"=>"ClimateZone 6", "operation_type"=>nil, "intended_surface_type"=>"ExteriorWindow", "standards_construction_type"=>"Metal framing (all other)", "building_category"=>"Nonresidential", "construction"=>"U 0.57 SHGC 0.39 Dbl Ref-D Clr 6mm/6mm Air", "orientation"=>nil, "minimum_percent_of_surface"=>30.001, "maximum_percent_of_surface"=>40.0, "assembly_maximum_u_value"=>0.57, "u_value_includes_interior_film_coefficient"=>true, "u_value_includes_exterior_film_coefficient"=>true, "assembly_maximum_f_factor"=>nil, "assembly_maximum_c_factor"=>nil, "assembly_maximum_solar_heat_gain_coefficient"=>0.39, "assembly_minimum_vt_shgc"=>nil, "notes"=>nil}
{"template"=>"90.1-2004", "climate_zone_set"=>"ClimateZone 6", "operation_type"=>nil, "intended_surface_type"=>"ExteriorWindow", "standards_construction_type"=>"Metal framing (all other)", "building_category"=>"Nonresidential", "construction"=>"U 0.44 SHGC 0.20 Dbl Ref-B-H Tint 6mm/13mm Air", "orientation"=>nil, "minimum_percent_of_surface"=>40.001, "maximum_percent_of_surface"=>100.0, "assembly_maximum_u_value"=>0.46, "u_value_includes_interior_film_coefficient"=>true, "u_value_includes_exterior_film_coefficient"=>true, "assembly_maximum_f_factor"=>nil, "assembly_maximum_c_factor"=>nil, "assembly_maximum_solar_heat_gain_coefficient"=>0.26, "assembly_minimum_vt_shgc"=>nil, "notes"=>nil}
[07:34:59.716064 WARN] [openstudio.standards.Model] Find object search criteria returned 5 results, the first one will be returned. Called from /Users/tkwasnik/github/urbanopt-example-geojson-reopt-project/.bundle/install/ruby/2.2.0/gems/openstudio-standards-0.2.10/lib/openstudio-standards/standards/Standards.Model.rb:2431:in `model_find_and_add_construction'. 
 Search criteria: 
 {"template"=>"90.1-2004", "climate_zone_set"=>"ClimateZone 6", "intended_surface_type"=>"GlassDoor", "standards_construction_type"=>"Metal framing (entrance door)", "building_category"=>"Nonresidential"}, capacity =  
  All results: 
 {"template"=>"90.1-2004", "climate_zone_set"=>"ClimateZone 6", "operation_type"=>nil, "intended_surface_type"=>"GlassDoor", "standards_construction_type"=>"Metal framing (entrance door)", "building_category"=>"Nonresidential", "construction"=>"U 0.57 SHGC 0.49 Dbl Blue 6mm/6mm Air", "orientation"=>nil, "minimum_percent_of_surface"=>1.0, "maximum_percent_of_surface"=>10.0, "assembly_maximum_u_value"=>0.57, "u_value_includes_interior_film_coefficient"=>true, "u_value_includes_exterior_film_coefficient"=>true, "assembly_maximum_f_factor"=>nil, "assembly_maximum_c_factor"=>nil, "assembly_maximum_solar_heat_gain_coefficient"=>0.49, "assembly_minimum_vt_shgc"=>nil, "notes"=>nil}
{"template"=>"90.1-2004", "climate_zone_set"=>"ClimateZone 6", "operation_type"=>nil, "intended_surface_type"=>"GlassDoor", "standards_construction_type"=>"Metal framing (entrance door)", "building_category"=>"Nonresidential", "construction"=>"U 0.57 SHGC 0.39 Dbl Ref-D Clr 6mm/6mm Air", "orientation"=>nil, "minimum_percent_of_surface"=>10.001, "maximum_percent_of_surface"=>20.0, "assembly_maximum_u_value"=>0.57, "u_value_includes_interior_film_coefficient"=>true, "u_value_includes_exterior_film_coefficient"=>true, "assembly_maximum_f_factor"=>nil, "assembly_maximum_c_factor"=>nil, "assembly_maximum_solar_heat_gain_coefficient"=>0.39, "assembly_minimum_vt_shgc"=>nil, "notes"=>nil}
{"template"=>"90.1-2004", "climate_zone_set"=>"ClimateZone 6", "operation_type"=>nil, "intended_surface_type"=>"GlassDoor", "standards_construction_type"=>"Metal framing (entrance door)", "building_category"=>"Nonresidential", "construction"=>"U 0.57 SHGC 0.39 Dbl Ref-D Clr 6mm/6mm Air", "orientation"=>nil, "minimum_percent_of_surface"=>20.001, "maximum_percent_of_surface"=>30.0, "assembly_maximum_u_value"=>0.57, "u_value_includes_interior_film_coefficient"=>true, "u_value_includes_exterior_film_coefficient"=>true, "assembly_maximum_f_factor"=>nil, "assembly_maximum_c_factor"=>nil, "assembly_maximum_solar_heat_gain_coefficient"=>0.39, "assembly_minimum_vt_shgc"=>nil, "notes"=>nil}
{"template"=>"90.1-2004", "climate_zone_set"=>"ClimateZone 6", "operation_type"=>nil, "intended_surface_type"=>"GlassDoor", "standards_construction_type"=>"Metal framing (entrance door)", "building_category"=>"Nonresidential", "construction"=>"U 0.57 SHGC 0.39 Dbl Ref-D Clr 6mm/6mm Air", "orientation"=>nil, "minimum_percent_of_surface"=>30.001, "maximum_percent_of_surface"=>40.0, "assembly_maximum_u_value"=>0.57, "u_value_includes_interior_film_coefficient"=>true, "u_value_includes_exterior_film_coefficient"=>true, "assembly_maximum_f_factor"=>nil, "assembly_maximum_c_factor"=>nil, "assembly_maximum_solar_heat_gain_coefficient"=>0.39, "assembly_minimum_vt_shgc"=>nil, "notes"=>nil}
{"template"=>"90.1-2004", "climate_zone_set"=>"ClimateZone 6", "operation_type"=>nil, "intended_surface_type"=>"GlassDoor", "standards_construction_type"=>"Metal framing (entrance door)", "building_category"=>"Nonresidential", "construction"=>"U 0.44 SHGC 0.20 Dbl Ref-B-H Tint 6mm/13mm Air", "orientation"=>nil, "minimum_percent_of_surface"=>40.001, "maximum_percent_of_surface"=>100.0, "assembly_maximum_u_value"=>0.46, "u_value_includes_interior_film_coefficient"=>true, "u_value_includes_exterior_film_coefficient"=>true, "assembly_maximum_f_factor"=>nil, "assembly_maximum_c_factor"=>nil, "assembly_maximum_solar_heat_gain_coefficient"=>0.26, "assembly_minimum_vt_shgc"=>nil, "notes"=>nil}
[07:34:59.717219 WARN] [openstudio.weather.Model] Could not find ground temperatures; will use generic temperatures, which will skew results.
[07:34:59.717764 WARN] [openstudio.model.Model] Model has zone with
[07:34:59.717877 WARN] [openstudio.model.Model] Model has zone with
[07:34:59.717974 WARN] [openstudio.model.Model] Model has zone with
[07:34:59.718206 WARN] [openstudio.model.Model] In model_add_typical, num_water_heaters = 1
[07:35:00.838928 WARN] Surface elevation not set for building 'Mixed_use 1'
[07:35:00.839485 WARN] Reversing floor print
[07:35:00.846242 WARN] Reversing floor print
[07:35:00.850143 WARN] Reversing floor print
[07:35:00.854127 WARN] Reversing floor print
[07:35:00.858399 WARN] Reversing floor print
[07:35:00.859704 WARN] Reversing floor print
[07:35:00.860038 WARN] Reversing floor print
[07:35:00.864253 WARN] Reversing floor print
[07:35:00.864655 WARN] Reversing floor print
[07:35:00.870662 WARN] Reversing floor print
[07:35:00.875925 WARN] Reversing floor print
[07:35:00.876244 WARN] Reversing floor print
[07:35:00.881718 WARN] Reversing floor print
[07:35:00.882159 WARN] Reversing floor print
[07:35:00.888117 WARN] Reversing floor print
[07:35:00.893885 WARN] Reversing floor print
[07:35:00.894402 WARN] Reversing floor print
[07:35:00.902115 WARN] Reversing floor print
[07:35:00.909181 WARN] Reversing floor print
[07:35:20.697298 WARN] [openstudio.model.Model] The run completed but had the following severe errors: InitFans: Fan=
[07:35:20.697610 WARN] [openstudio.standards.Fan] For 1 Zone VAV 3 Fan, there is no greater nominal HP.  Use the efficiency of the largest motor category.
[07:35:20.697664 WARN] [openstudio.standards.Fan] For 1 Zone VAV Fan, there is no greater nominal HP.  Use the efficiency of the largest motor category.
[07:35:20.697842 WARN] [openstudio.standards.AirLoopHVAC] Cannot find economizer limits for 90.1-2004, , assuming no economizer required.
[07:35:20.697899 WARN] [openstudio.standards.AirLoopHVAC] Cannot find economizer limits for 90.1-2004, , assuming no economizer required.
[07:35:20.697947 WARN] [openstudio.standards.AirLoopHVAC] Cannot find economizer limits for 90.1-2004, , assuming no economizer required.
[07:35:20.697994 WARN] [openstudio.standards.AirLoopHVAC] Cannot find economizer limits for 90.1-2004, , assuming no economizer required.
[07:35:20.699175 WARN] [openstudio.standards.Fan] For 1 Zone VAV 3 Fan, there is no greater nominal HP.  Use the efficiency of the largest motor category.
[07:35:20.699218 WARN] [openstudio.standards.Fan] For 1 Zone VAV Fan, there is no greater nominal HP.  Use the efficiency of the largest motor category.
