E, [2020-11-01T22:46:18.314323 #16464] ERROR -- : Error activating gem :/ruby/2.5.0/specifications/public_suffix-4.0.5.gemspec
E, [2020-11-01T22:46:18.314779 #16464] ERROR -- : Error activating gem :/ruby/2.5.0/specifications/simplecov-html-0.12.2.gemspec
E, [2020-11-01T22:46:18.315011 #16464] ERROR -- : Error activating gem :/ruby/2.5.0/specifications/parser-2.7.1.4.gemspec
E, [2020-11-01T22:46:18.315083 #16464] ERROR -- : Error activating gem :/ruby/2.5.0/specifications/parallel-1.19.1.gemspec
E, [2020-11-01T22:46:18.315261 #16464] ERROR -- : Error activating gem :/ruby/2.5.0/specifications/minitest-5.14.1.gemspec
E, [2020-11-01T22:46:18.318519 #16464] ERROR -- : Error activating gem :/ruby/2.5.0/specifications/openstudio-workflow-2.0.0.gemspec
E, [2020-11-01T22:46:18.318596 #16464] ERROR -- : Error activating gem :/ruby/2.5.0/specifications/openstudio-extension-0.2.4.gemspec
E, [2020-11-01T22:46:18.318679 #16464] ERROR -- : Error activating gem :/ruby/2.5.0/specifications/openstudio-standards-0.2.11.gemspec
[openstudio.model.YearDescription] <1> 'UseWeatherFile' is not yet a supported option for YearDescription
[openstudio.model.YearDescription] <1> 'UseWeatherFile' is not yet a supported option for YearDescription
[22:46:19.062435 WARN] No valid weather file defined in either the osm or osw.
[22:46:32.828776 WARN] Not modeling core and perimeter zones for some portion of the model.
"C:/openstudio-3.0.1/bin/openstudio.exe" run -w "C:/urbanopt-scenario-gem/spec/test/example_scenario/2/003_create_typical_building_from_model/SR1/in.osw"
[22:46:44.372709 WARN] [openstudio.standards.Model] Find object search criteria returned 5 results, the first one will be returned. Called from C:/urbanopt-scenario-gem/spec/test/.bundle/install/ruby/2.5.0/gems/openstudio-standards-0.2.12/lib/openstudio-standards/standards/Standards.Model.rb:2438:in `model_find_and_add_construction'. 
 Search criteria: 
 {"template"=>"90.1-2004", "climate_zone_set"=>"ClimateZone 5", "intended_surface_type"=>"ExteriorWindow", "standards_construction_type"=>"Metal framing (all other)", "building_category"=>"Nonresidential"}, capacity =  
  All results: 
 {"template"=>"90.1-2004", "climate_zone_set"=>"ClimateZone 5", "operation_type"=>nil, "intended_surface_type"=>"ExteriorWindow", "standards_construction_type"=>"Metal framing (all other)", "building_category"=>"Nonresidential", "construction"=>"U 0.57 SHGC 0.49 Dbl Blue 6mm/6mm Air", "orientation"=>nil, "minimum_percent_of_surface"=>1.0, "maximum_percent_of_surface"=>10.0, "assembly_maximum_u_value"=>0.57, "u_value_includes_interior_film_coefficient"=>true, "u_value_includes_exterior_film_coefficient"=>true, "assembly_maximum_f_factor"=>nil, "assembly_maximum_c_factor"=>nil, "assembly_maximum_solar_heat_gain_coefficient"=>0.49, "assembly_minimum_vt_shgc"=>nil, "notes"=>nil}
{"template"=>"90.1-2004", "climate_zone_set"=>"ClimateZone 5", "operation_type"=>nil, "intended_surface_type"=>"ExteriorWindow", "standards_construction_type"=>"Metal framing (all other)", "building_category"=>"Nonresidential", "construction"=>"U 0.57 SHGC 0.39 Dbl Ref-D Clr 6mm/6mm Air", "orientation"=>nil, "minimum_percent_of_surface"=>10.001, "maximum_percent_of_surface"=>20.0, "assembly_maximum_u_value"=>0.57, "u_value_includes_interior_film_coefficient"=>true, "u_value_includes_exterior_film_coefficient"=>true, "assembly_maximum_f_factor"=>nil, "assembly_maximum_c_factor"=>nil, "assembly_maximum_solar_heat_gain_coefficient"=>0.39, "assembly_minimum_vt_shgc"=>nil, "notes"=>nil}
{"template"=>"90.1-2004", "climate_zone_set"=>"ClimateZone 5", "operation_type"=>nil, "intended_surface_type"=>"ExteriorWindow", "standards_construction_type"=>"Metal framing (all other)", "building_category"=>"Nonresidential", "construction"=>"U 0.57 SHGC 0.39 Dbl Ref-D Clr 6mm/6mm Air", "orientation"=>nil, "minimum_percent_of_surface"=>20.001, "maximum_percent_of_surface"=>30.0, "assembly_maximum_u_value"=>0.57, "u_value_includes_interior_film_coefficient"=>true, "u_value_includes_exterior_film_coefficient"=>true, "assembly_maximum_f_factor"=>nil, "assembly_maximum_c_factor"=>nil, "assembly_maximum_solar_heat_gain_coefficient"=>0.39, "assembly_minimum_vt_shgc"=>nil, "notes"=>nil}
{"template"=>"90.1-2004", "climate_zone_set"=>"ClimateZone 5", "operation_type"=>nil, "intended_surface_type"=>"ExteriorWindow", "standards_construction_type"=>"Metal framing (all other)", "building_category"=>"Nonresidential", "construction"=>"U 0.57 SHGC 0.39 Dbl Ref-D Clr 6mm/6mm Air", "orientation"=>nil, "minimum_percent_of_surface"=>30.001, "maximum_percent_of_surface"=>40.0, "assembly_maximum_u_value"=>0.57, "u_value_includes_interior_film_coefficient"=>true, "u_value_includes_exterior_film_coefficient"=>true, "assembly_maximum_f_factor"=>nil, "assembly_maximum_c_factor"=>nil, "assembly_maximum_solar_heat_gain_coefficient"=>0.39, "assembly_minimum_vt_shgc"=>nil, "notes"=>nil}
{"template"=>"90.1-2004", "climate_zone_set"=>"ClimateZone 5", "operation_type"=>nil, "intended_surface_type"=>"ExteriorWindow", "standards_construction_type"=>"Metal framing (all other)", "building_category"=>"Nonresidential", "construction"=>"U 0.44 SHGC 0.20 Dbl Ref-B-H Tint 6mm/13mm Air", "orientation"=>nil, "minimum_percent_of_surface"=>40.001, "maximum_percent_of_surface"=>100.0, "assembly_maximum_u_value"=>0.46, "u_value_includes_interior_film_coefficient"=>true, "u_value_includes_exterior_film_coefficient"=>true, "assembly_maximum_f_factor"=>nil, "assembly_maximum_c_factor"=>nil, "assembly_maximum_solar_heat_gain_coefficient"=>0.26, "assembly_minimum_vt_shgc"=>nil, "notes"=>nil}
[22:46:44.373041 WARN] [openstudio.standards.Construction] Can only set the u-value of opaque constructions or simple glazing. U 0.57 SHGC 0.49 Dbl Blue 6mm/6mm Air is not opaque or simple glazing.
[22:46:44.373257 WARN] [openstudio.standards.Model] Find object search criteria returned 5 results, the first one will be returned. Called from C:/urbanopt-scenario-gem/spec/test/.bundle/install/ruby/2.5.0/gems/openstudio-standards-0.2.12/lib/openstudio-standards/standards/Standards.Model.rb:2438:in `model_find_and_add_construction'. 
 Search criteria: 
 {"template"=>"90.1-2004", "climate_zone_set"=>"ClimateZone 5", "intended_surface_type"=>"ExteriorWindow", "standards_construction_type"=>"Metal framing (all other)", "building_category"=>"Nonresidential"}, capacity =  
  All results: 
 {"template"=>"90.1-2004", "climate_zone_set"=>"ClimateZone 5", "operation_type"=>nil, "intended_surface_type"=>"ExteriorWindow", "standards_construction_type"=>"Metal framing (all other)", "building_category"=>"Nonresidential", "construction"=>"U 0.57 SHGC 0.49 Dbl Blue 6mm/6mm Air", "orientation"=>nil, "minimum_percent_of_surface"=>1.0, "maximum_percent_of_surface"=>10.0, "assembly_maximum_u_value"=>0.57, "u_value_includes_interior_film_coefficient"=>true, "u_value_includes_exterior_film_coefficient"=>true, "assembly_maximum_f_factor"=>nil, "assembly_maximum_c_factor"=>nil, "assembly_maximum_solar_heat_gain_coefficient"=>0.49, "assembly_minimum_vt_shgc"=>nil, "notes"=>nil}
{"template"=>"90.1-2004", "climate_zone_set"=>"ClimateZone 5", "operation_type"=>nil, "intended_surface_type"=>"ExteriorWindow", "standards_construction_type"=>"Metal framing (all other)", "building_category"=>"Nonresidential", "construction"=>"U 0.57 SHGC 0.39 Dbl Ref-D Clr 6mm/6mm Air", "orientation"=>nil, "minimum_percent_of_surface"=>10.001, "maximum_percent_of_surface"=>20.0, "assembly_maximum_u_value"=>0.57, "u_value_includes_interior_film_coefficient"=>true, "u_value_includes_exterior_film_coefficient"=>true, "assembly_maximum_f_factor"=>nil, "assembly_maximum_c_factor"=>nil, "assembly_maximum_solar_heat_gain_coefficient"=>0.39, "assembly_minimum_vt_shgc"=>nil, "notes"=>nil}
{"template"=>"90.1-2004", "climate_zone_set"=>"ClimateZone 5", "operation_type"=>nil, "intended_surface_type"=>"ExteriorWindow", "standards_construction_type"=>"Metal framing (all other)", "building_category"=>"Nonresidential", "construction"=>"U 0.57 SHGC 0.39 Dbl Ref-D Clr 6mm/6mm Air", "orientation"=>nil, "minimum_percent_of_surface"=>20.001, "maximum_percent_of_surface"=>30.0, "assembly_maximum_u_value"=>0.57, "u_value_includes_interior_film_coefficient"=>true, "u_value_includes_exterior_film_coefficient"=>true, "assembly_maximum_f_factor"=>nil, "assembly_maximum_c_factor"=>nil, "assembly_maximum_solar_heat_gain_coefficient"=>0.39, "assembly_minimum_vt_shgc"=>nil, "notes"=>nil}
{"template"=>"90.1-2004", "climate_zone_set"=>"ClimateZone 5", "operation_type"=>nil, "intended_surface_type"=>"ExteriorWindow", "standards_construction_type"=>"Metal framing (all other)", "building_category"=>"Nonresidential", "construction"=>"U 0.57 SHGC 0.39 Dbl Ref-D Clr 6mm/6mm Air", "orientation"=>nil, "minimum_percent_of_surface"=>30.001, "maximum_percent_of_surface"=>40.0, "assembly_maximum_u_value"=>0.57, "u_value_includes_interior_film_coefficient"=>true, "u_value_includes_exterior_film_coefficient"=>true, "assembly_maximum_f_factor"=>nil, "assembly_maximum_c_factor"=>nil, "assembly_maximum_solar_heat_gain_coefficient"=>0.39, "assembly_minimum_vt_shgc"=>nil, "notes"=>nil}
{"template"=>"90.1-2004", "climate_zone_set"=>"ClimateZone 5", "operation_type"=>nil, "intended_surface_type"=>"ExteriorWindow", "standards_construction_type"=>"Metal framing (all other)", "building_category"=>"Nonresidential", "construction"=>"U 0.44 SHGC 0.20 Dbl Ref-B-H Tint 6mm/13mm Air", "orientation"=>nil, "minimum_percent_of_surface"=>40.001, "maximum_percent_of_surface"=>100.0, "assembly_maximum_u_value"=>0.46, "u_value_includes_interior_film_coefficient"=>true, "u_value_includes_exterior_film_coefficient"=>true, "assembly_maximum_f_factor"=>nil, "assembly_maximum_c_factor"=>nil, "assembly_maximum_solar_heat_gain_coefficient"=>0.26, "assembly_minimum_vt_shgc"=>nil, "notes"=>nil}
[utilities.geometry.join] <1> Union has inner loops
[utilities.geometry.joinAll] <1> Expected polygons to join together
[utilities.geometry.join] <1> Union has inner loops
[utilities.geometry.joinAll] <1> Expected polygons to join together
[22:46:44.374561 WARN] [openstudio.standards.Model] Find object search criteria returned 5 results, the first one will be returned. Called from C:/urbanopt-scenario-gem/spec/test/.bundle/install/ruby/2.5.0/gems/openstudio-standards-0.2.12/lib/openstudio-standards/standards/Standards.Model.rb:2438:in `model_find_and_add_construction'. 
 Search criteria: 
 {"template"=>"90.1-2004", "climate_zone_set"=>"ClimateZone 5", "intended_surface_type"=>"GlassDoor", "standards_construction_type"=>"Metal framing (entrance door)", "building_category"=>"Nonresidential"}, capacity =  
  All results: 
 {"template"=>"90.1-2004", "climate_zone_set"=>"ClimateZone 5", "operation_type"=>nil, "intended_surface_type"=>"GlassDoor", "standards_construction_type"=>"Metal framing (entrance door)", "building_category"=>"Nonresidential", "construction"=>"U 0.57 SHGC 0.49 Dbl Blue 6mm/6mm Air", "orientation"=>nil, "minimum_percent_of_surface"=>1.0, "maximum_percent_of_surface"=>10.0, "assembly_maximum_u_value"=>0.57, "u_value_includes_interior_film_coefficient"=>true, "u_value_includes_exterior_film_coefficient"=>true, "assembly_maximum_f_factor"=>nil, "assembly_maximum_c_factor"=>nil, "assembly_maximum_solar_heat_gain_coefficient"=>0.49, "assembly_minimum_vt_shgc"=>nil, "notes"=>nil}
{"template"=>"90.1-2004", "climate_zone_set"=>"ClimateZone 5", "operation_type"=>nil, "intended_surface_type"=>"GlassDoor", "standards_construction_type"=>"Metal framing (entrance door)", "building_category"=>"Nonresidential", "construction"=>"U 0.57 SHGC 0.39 Dbl Ref-D Clr 6mm/6mm Air", "orientation"=>nil, "minimum_percent_of_surface"=>10.001, "maximum_percent_of_surface"=>20.0, "assembly_maximum_u_value"=>0.57, "u_value_includes_interior_film_coefficient"=>true, "u_value_includes_exterior_film_coefficient"=>true, "assembly_maximum_f_factor"=>nil, "assembly_maximum_c_factor"=>nil, "assembly_maximum_solar_heat_gain_coefficient"=>0.39, "assembly_minimum_vt_shgc"=>nil, "notes"=>nil}
{"template"=>"90.1-2004", "climate_zone_set"=>"ClimateZone 5", "operation_type"=>nil, "intended_surface_type"=>"GlassDoor", "standards_construction_type"=>"Metal framing (entrance door)", "building_category"=>"Nonresidential", "construction"=>"U 0.57 SHGC 0.39 Dbl Ref-D Clr 6mm/6mm Air", "orientation"=>nil, "minimum_percent_of_surface"=>20.001, "maximum_percent_of_surface"=>30.0, "assembly_maximum_u_value"=>0.57, "u_value_includes_interior_film_coefficient"=>true, "u_value_includes_exterior_film_coefficient"=>true, "assembly_maximum_f_factor"=>nil, "assembly_maximum_c_factor"=>nil, "assembly_maximum_solar_heat_gain_coefficient"=>0.39, "assembly_minimum_vt_shgc"=>nil, "notes"=>nil}
{"template"=>"90.1-2004", "climate_zone_set"=>"ClimateZone 5", "operation_type"=>nil, "intended_surface_type"=>"GlassDoor", "standards_construction_type"=>"Metal framing (entrance door)", "building_category"=>"Nonresidential", "construction"=>"U 0.57 SHGC 0.39 Dbl Ref-D Clr 6mm/6mm Air", "orientation"=>nil, "minimum_percent_of_surface"=>30.001, "maximum_percent_of_surface"=>40.0, "assembly_maximum_u_value"=>0.57, "u_value_includes_interior_film_coefficient"=>true, "u_value_includes_exterior_film_coefficient"=>true, "assembly_maximum_f_factor"=>nil, "assembly_maximum_c_factor"=>nil, "assembly_maximum_solar_heat_gain_coefficient"=>0.39, "assembly_minimum_vt_shgc"=>nil, "notes"=>nil}
{"template"=>"90.1-2004", "climate_zone_set"=>"ClimateZone 5", "operation_type"=>nil, "intended_surface_type"=>"GlassDoor", "standards_construction_type"=>"Metal framing (entrance door)", "building_category"=>"Nonresidential", "construction"=>"U 0.44 SHGC 0.20 Dbl Ref-B-H Tint 6mm/13mm Air", "orientation"=>nil, "minimum_percent_of_surface"=>40.001, "maximum_percent_of_surface"=>100.0, "assembly_maximum_u_value"=>0.46, "u_value_includes_interior_film_coefficient"=>true, "u_value_includes_exterior_film_coefficient"=>true, "assembly_maximum_f_factor"=>nil, "assembly_maximum_c_factor"=>nil, "assembly_maximum_solar_heat_gain_coefficient"=>0.26, "assembly_minimum_vt_shgc"=>nil, "notes"=>nil}
[22:46:44.374858 WARN] [openstudio.standards.Construction] Requested U-value of 1.1686635536297982 for Typical Overhead Door is greater than the sum of the inside and outside resistance, and the max U-value (6.636 SI) is used instead.
[22:46:44.376469 WARN] [openstudio.model.Model] No refrigeration system lineup found for {"template"=>"90.1-2004", "building_type"=>"Office", "size_category"=>"Kitchen", "system_type"=>"Medium Temperature"}, no system will be added.
[22:46:44.376634 WARN] [openstudio.model.Model] No refrigeration system lineup found for {"template"=>"90.1-2004", "building_type"=>"Office", "size_category"=>"Kitchen", "system_type"=>"Low Temperature"}, no system will be added.
[22:46:44.377678 WARN] [openstudio.standards.BoilerHotWater] For Boiler, cannot find boiler properties with search criteria {"template"=>"90.1-2004", "fuel_type"=>"Gas", "fluid_type"=>"Hot Water"}, cannot apply efficiency standard.
[22:46:47.259530 WARN] Reporting Measure at C:/urbanopt-reporting-gem/lib/measures/default_feature_reports/measure.rb is using the old format where the 'arguments' method does not take model. Please consider updating this to `def arguments(model)`.
[22:46:50.858976 WARN] Reporting Measure at C:/urbanopt-reporting-gem/lib/measures/default_feature_reports/measure.rb is using the old format where the 'arguments' method does not take model. Please consider updating this to `def arguments(model)`.
[22:46:51.187466 WARN] Query failed for Ice Thermal Storage Capacity
Power Converion: to convert kWh to kW values will be divided by 1.0
 *********timeseries_name = Electricity:Facility******************
 *********timeseries_name = ElectricityProduced:Facility******************
 *********timeseries_name = Gas:Facility******************
 *********timeseries_name = Cooling:Electricity******************
 *********timeseries_name = Heating:Electricity******************
 *********timeseries_name = InteriorLights:Electricity******************
 *********timeseries_name = ExteriorLights:Electricity******************
 *********timeseries_name = InteriorEquipment:Electricity******************
 *********timeseries_name = Fans:Electricity******************
 *********timeseries_name = Pumps:Electricity******************
 *********timeseries_name = WaterSystems:Electricity******************
 *********timeseries_name = HeatRejection:Electricity******************
 *********timeseries_name = HeatRejection:Gas******************
 *********timeseries_name = Heating:Gas******************
 *********timeseries_name = WaterSystems:Gas******************
 *********timeseries_name = InteriorEquipment:Gas******************
 *********timeseries_name = DistrictCooling:Facility******************
 *********timeseries_name = DistrictHeating:Facility******************
 *********timeseries_name = District Cooling Chilled Water Rate******************
 *********timeseries_name = District Cooling Mass Flow Rate******************
 *********timeseries_name = District Cooling Inlet Temperature******************
 *********timeseries_name = District Cooling Outlet Temperature******************
 *********timeseries_name = District Heating Hot Water Rate******************
 *********timeseries_name = District Heating Mass Flow Rate******************
 *********timeseries_name = District Heating Inlet Temperature******************
 *********timeseries_name = District Heating Outlet Temperature******************
 *********timeseries_name = Cooling Coil Total Cooling Rate******************
 *********timeseries_name = Heating Coil Heating Rate******************
 *********timeseries_name = Zone Thermal Comfort Fanger Model PMV******************
 *********timeseries_name = Zone Thermal Comfort Fanger Model PPD******************
 *********timeseries_name = Net Electric Energy******************
 *********timeseries_name = Electricity:Facility Power******************
 *********timeseries_name = ElectricityProduced:Facility Power******************
 *********timeseries_name = Electricity:Facility Apparent Power******************
 *********timeseries_name = ElectricityProduced:Facility Apparent Power******************
 *********timeseries_name = Net Power******************
 *********timeseries_name = Net Apparent Power******************
 *********timeseries_name = Ice Thermal Storage End Fraction******************
 *********timeseries_name = Cooling Coil Ice Thermal Storage End Fraction******************
####### available_ts = ["Cooling Coil Electric Power", "Cooling Coil Ice Thermal Storage End Fraction", "Cooling Coil Operating Mode Index", "Cooling Coil Thermal Storage Ambient Heat Transfer Rate", "Cooling Coil Thermal Storage Mechanical Heat Transfer Rate", "Cooling Coil Total Cooling Rate", "Cooling:Electricity", "Electricity:Building", "Electricity:Facility", "Electricity:HVAC", "ExteriorLights:Electricity", "Fans:Electricity", "Gas:Facility", "Heating Coil Heating Rate", "Heating:Electricity", "Heating:Gas", "InteriorEquipment:Electricity", "InteriorLights:Electricity", "Pumps:Electricity", "Site Outdoor Air Drybulb Temperature", "Site Outdoor Air Wetbulb Temperature", "Water:Facility", "WaterSystems:Gas", "WaterSystems:Water", "Zone Air Relative Humidity", "Zone Air Temperature", "Zone Thermal Comfort ASHRAE 55 Simple Model Summer Clothes Not Comfortable Time", "Zone Thermal Comfort ASHRAE 55 Simple Model Summer or Winter Clothes Not Comfortable Time", "Zone Thermal Comfort ASHRAE 55 Simple Model Winter Clothes Not Comfortable Time", "Zone Thermal Comfort Fanger Model PMV", "Zone Thermal Comfort Fanger Model PPD", "Zone Thermostat Cooling Setpoint Temperature"]
[22:46:51.741469 WARN] Renaming result key 'Zone Office WholeBuilding - Sm Office  - Story Ground PSZ-AC 1spd DX AC Clg Coil 34kBtu/hr 9.7SEER' to remove invalid characters
